<?xml version="1.0" encoding="UTF-8"?>
<testng-results ignored="0" total="4" passed="4" failed="0" skipped="0">
  <reporter-output>
  </reporter-output>
  <suite started-at="2023-04-11T20:58:51 IST" name="Gradle suite" finished-at="2023-04-11T20:59:07 IST" duration-ms="16337">
    <groups>
    </groups>
    <test started-at="2023-04-11T20:58:51 IST" name="Gradle test" finished-at="2023-04-11T20:59:07 IST" duration-ms="16337">
      <class name="qtriptest.APITests.testCase_API_01">
        <test-method signature="TestCase01()[pri:0, instance:qtriptest.APITests.testCase_API_01@942a29c]" started-at="2023-04-11T20:58:51 IST" name="TestCase01" finished-at="2023-04-11T20:58:58 IST" duration-ms="7062" status="PASS">
          <reporter-output>
          </reporter-output>
        </test-method> <!-- TestCase01 -->
      </class> <!-- qtriptest.APITests.testCase_API_01 -->
      <class name="qtriptest.APITests.testCase_API_02">
        <test-method signature="searchCity()[pri:0, instance:qtriptest.APITests.testCase_API_02@576d5deb]" started-at="2023-04-11T20:58:58 IST" name="searchCity" finished-at="2023-04-11T20:58:59 IST" duration-ms="1368" status="PASS">
          <reporter-output>
          </reporter-output>
        </test-method> <!-- searchCity -->
      </class> <!-- qtriptest.APITests.testCase_API_02 -->
      <class name="qtriptest.APITests.testCase_API_03">
        <test-method signature="makeReservation()[pri:0, instance:qtriptest.APITests.testCase_API_03@5d534f5d]" started-at="2023-04-11T20:58:59 IST" name="makeReservation" finished-at="2023-04-11T20:59:04 IST" duration-ms="5235" status="PASS">
          <reporter-output>
          </reporter-output>
        </test-method> <!-- makeReservation -->
      </class> <!-- qtriptest.APITests.testCase_API_03 -->
      <class name="qtriptest.APITests.testCase_API_04">
        <test-method signature="registerUserTest()[pri:0, instance:qtriptest.APITests.testCase_API_04@2e3967ea]" started-at="2023-04-11T20:59:04 IST" name="registerUserTest" finished-at="2023-04-11T20:59:07 IST" duration-ms="2571" status="PASS">
          <reporter-output>
          </reporter-output>
        </test-method> <!-- registerUserTest -->
      </class> <!-- qtriptest.APITests.testCase_API_04 -->
    </test> <!-- Gradle test -->
  </suite> <!-- Gradle suite -->
</testng-results>
